WinAPIEx UDF v3.8
=================

ADDED
=====
_WinAPI_CLSIDFromProgID
_WinAPI_CreateBufferFromStruct
_WinAPI_CreateFontEx
_WinAPI_DwmDefWindowProc
_WinAPI_DwmGetColorizationParameters
_WinAPI_DwmSetColorizationParameters
_WinAPI_EnumFontFamilies
_WinAPI_FileIconInit
_WinAPI_GetBrushOrg
_WinAPI_GetEffectiveClientRect
_WinAPI_GetFontName
_WinAPI_GetMUILanguage
_WinAPI_GetPEType
_WinAPI_GetTabbedTextExtent
_WinAPI_OpenFileDlg
_WinAPI_InitMUILanguage
_WinAPI_IsNameInExpression
_WinAPI_IsPathShared
_WinAPI_MirrorIcon
_WinAPI_ProgIDFromCLSID
_WinAPI_SaveFileDlg
_WinAPI_SearchPath
_WinAPI_SetBrushOrg
_WinAPI_SetFileValidData
_WinAPI_SetSearchPathMode
_WinAPI_ShellCreateDirectory
_WinAPI_ShellExecuteEx
_WinAPI_ShellFlushSFCache
_WinAPI_ShellGetIconOverlayIndex
_WinAPI_ShellGetImageList
_WinAPI_ShellGetKnownFolderIDList
_WinAPI_ShellSetKnownFolderPath
_WinAPI_ShellUpdateImage
_WinAPI_TabbedTextOut
_WinAPI_TerminateJobObject
_WinAPI_TerminateProcess
_WinAPI_UpdateLayeredWindowIndirect
_WinAPI_UserHandleGrantAccess

FIXED
=====
Added few constants and structures.
Added the NTErrors.au3 (optional) that contains the constants of all NTSTATUS error codes.
Added one optional parameter in the _WinAPI_MapVirtualKey() function, see its description.
The _WinAPI_EnumDllProc() function now works in Windows XP (required dbghelp.dll version 5.1 or later).
The _WinAPI_EnumProcessHandles() functions now works for both 32- and 64-bit systems.
The _WinAPI_GetProcAddress() function now works with ordinal values (3.3.6.1).
Fixed memory leak in _WinAPI_AssocGetPerceivedType() function.
Some internal changes.
